d:\учеба\проект\main\seawar\x64\debug\vc143.pdb
d:\учеба\проект\main\seawar\x64\debug\vc143.idb
d:\учеба\проект\main\seawar\x64\debug\printpole.obj
d:\учеба\проект\main\seawar\x64\debug\playgame.obj
d:\учеба\проект\main\seawar\x64\debug\placeship.obj
d:\учеба\проект\main\seawar\x64\debug\initgrid.obj
d:\учеба\проект\main\seawar\x64\debug\load.obj
d:\учеба\проект\main\x64\debug\seabattle.pdb
d:\учеба\проект\main\seawar\x64\debug\seabattle.tlog\cl.command.1.tlog
d:\учеба\проект\main\seawar\x64\debug\seabattle.tlog\cl.read.1.tlog
d:\учеба\проект\main\seawar\x64\debug\seabattle.tlog\cl.write.1.tlog
d:\учеба\проект\main\seawar\x64\debug\seabattle.tlog\link-cvtres.read.1.tlog
d:\учеба\проект\main\seawar\x64\debug\seabattle.tlog\link-cvtres.write.1.tlog
d:\учеба\проект\main\seawar\x64\debug\seabattle.tlog\link-rc.read.1.tlog
d:\учеба\проект\main\seawar\x64\debug\seabattle.tlog\link-rc.write.1.tlog
d:\учеба\проект\main\seawar\x64\debug\seabattle.tlog\link.command.1.tlog
d:\учеба\проект\main\seawar\x64\debug\seabattle.tlog\link.read.1.tlog
d:\учеба\проект\main\seawar\x64\debug\seabattle.tlog\link.read.2.tlog
d:\учеба\проект\main\seawar\x64\debug\seabattle.tlog\link.read.3.tlog
d:\учеба\проект\main\seawar\x64\debug\seabattle.tlog\link.write.1.tlog
